2022-08-02 14:03:08,306 INFO [org.springframework.test.context.support.DefaultTestContextBootstrapper] - Loaded default TestExecutionListener class names from location [META-INF/spring.factories]: [org.springframework.test.context.web.ServletTestExecutionListener, org.springframework.test.context.support.DirtiesContextBeforeModesTestExecutionListener, org.springframework.test.context.support.DependencyInjectionTestExecutionListener, org.springframework.test.context.support.DirtiesContextTestExecutionListener, org.springframework.test.context.transaction.TransactionalTestExecutionListener, org.springframework.test.context.jdbc.SqlScriptsTestExecutionListener]
2022-08-02 14:03:08,339 INFO [org.springframework.test.context.support.DefaultTestContextBootstrapper] - Using TestExecutionListeners: [org.springframework.test.context.web.ServletTestExecutionListener@70fda8, org.springframework.test.context.support.DirtiesContextBeforeModesTestExecutionListener@4edc67, org.springframework.test.context.support.DependencyInjectionTestExecutionListener@acaea5, org.springframework.test.context.support.DirtiesContextTestExecutionListener@d56d67, org.springframework.test.context.transaction.TransactionalTestExecutionListener@18355a8, org.springframework.test.context.jdbc.SqlScriptsTestExecutionListener@1fa1d9b]
2022-08-02 14:03:08,387 INFO [org.springframework.beans.factory.xml.XmlBeanDefinitionReader] - Loading XML bean definitions from class path resource [spring-context.xml]
2022-08-02 14:03:08,505 INFO [org.springframework.beans.factory.xml.XmlBeanDefinitionReader] - Loading XML bean definitions from class path resource [spring-context-druid.xml]
2022-08-02 14:03:08,519 INFO [org.springframework.beans.factory.xml.XmlBeanDefinitionReader] - Loading XML bean definitions from class path resource [spring-context-mybatis.xml]
2022-08-02 14:03:08,528 INFO [org.springframework.context.support.GenericApplicationContext] - Refreshing org.springframework.context.support.GenericApplicationContext@b0338: startup date [Tue Aug 02 14:03:08 CST 2022]; root of context hierarchy
2022-08-02 14:03:08,901 INFO [com.alibaba.druid.pool.DruidDataSource] - {dataSource-1} inited
2022-08-02 14:03:09,124 INFO [org.springframework.beans.factory.xml.XmlBeanDefinitionReader] - Loading XML bean definitions from class path resource [org/springframework/jdbc/support/sql-error-codes.xml]
2022-08-02 14:03:09,138 INFO [org.springframework.jdbc.support.SQLErrorCodesFactory] - SQLErrorCodes loaded: [DB2, Derby, H2, HDB, HSQL, Informix, MS-SQL, MySQL, Oracle, PostgreSQL, Sybase]
2022-08-02 14:03:09,144 INFO [org.springframework.context.support.GenericApplicationContext] - Closing org.springframework.context.support.GenericApplicationContext@b0338: startup date [Tue Aug 02 14:03:08 CST 2022]; root of context hierarchy
2022-08-02 14:03:09,146 INFO [com.alibaba.druid.pool.DruidDataSource] - {dataSource-1} closed
2022-08-02 14:07:02,502 INFO [org.springframework.test.context.support.DefaultTestContextBootstrapper] - Loaded default TestExecutionListener class names from location [META-INF/spring.factories]: [org.springframework.test.context.web.ServletTestExecutionListener, org.springframework.test.context.support.DirtiesContextBeforeModesTestExecutionListener, org.springframework.test.context.support.DependencyInjectionTestExecutionListener, org.springframework.test.context.support.DirtiesContextTestExecutionListener, org.springframework.test.context.transaction.TransactionalTestExecutionListener, org.springframework.test.context.jdbc.SqlScriptsTestExecutionListener]
2022-08-02 14:07:02,511 INFO [org.springframework.test.context.support.DefaultTestContextBootstrapper] - Using TestExecutionListeners: [org.springframework.test.context.web.ServletTestExecutionListener@70fda8, org.springframework.test.context.support.DirtiesContextBeforeModesTestExecutionListener@4edc67, org.springframework.test.context.support.DependencyInjectionTestExecutionListener@acaea5, org.springframework.test.context.support.DirtiesContextTestExecutionListener@d56d67, org.springframework.test.context.transaction.TransactionalTestExecutionListener@18355a8, org.springframework.test.context.jdbc.SqlScriptsTestExecutionListener@1fa1d9b]
2022-08-02 14:07:02,559 INFO [org.springframework.beans.factory.xml.XmlBeanDefinitionReader] - Loading XML bean definitions from class path resource [spring-context.xml]
2022-08-02 14:07:02,675 INFO [org.springframework.beans.factory.xml.XmlBeanDefinitionReader] - Loading XML bean definitions from class path resource [spring-context-druid.xml]
2022-08-02 14:07:02,688 INFO [org.springframework.beans.factory.xml.XmlBeanDefinitionReader] - Loading XML bean definitions from class path resource [spring-context-mybatis.xml]
2022-08-02 14:07:02,697 INFO [org.springframework.context.support.GenericApplicationContext] - Refreshing org.springframework.context.support.GenericApplicationContext@b0338: startup date [Tue Aug 02 14:07:02 CST 2022]; root of context hierarchy
2022-08-02 14:07:03,070 INFO [com.alibaba.druid.pool.DruidDataSource] - {dataSource-1} inited
2022-08-02 14:07:03,279 INFO [org.springframework.context.support.GenericApplicationContext] - Closing org.springframework.context.support.GenericApplicationContext@b0338: startup date [Tue Aug 02 14:07:02 CST 2022]; root of context hierarchy
2022-08-02 14:07:03,281 INFO [com.alibaba.druid.pool.DruidDataSource] - {dataSource-1} closed
2022-08-02 14:25:45,522 INFO [org.springframework.test.context.support.DefaultTestContextBootstrapper] - Loaded default TestExecutionListener class names from location [META-INF/spring.factories]: [org.springframework.test.context.web.ServletTestExecutionListener, org.springframework.test.context.support.DirtiesContextBeforeModesTestExecutionListener, org.springframework.test.context.support.DependencyInjectionTestExecutionListener, org.springframework.test.context.support.DirtiesContextTestExecutionListener, org.springframework.test.context.transaction.TransactionalTestExecutionListener, org.springframework.test.context.jdbc.SqlScriptsTestExecutionListener]
2022-08-02 14:25:45,532 INFO [org.springframework.test.context.support.DefaultTestContextBootstrapper] - Using TestExecutionListeners: [org.springframework.test.context.web.ServletTestExecutionListener@70fda8, org.springframework.test.context.support.DirtiesContextBeforeModesTestExecutionListener@4edc67, org.springframework.test.context.support.DependencyInjectionTestExecutionListener@acaea5, org.springframework.test.context.support.DirtiesContextTestExecutionListener@d56d67, org.springframework.test.context.transaction.TransactionalTestExecutionListener@18355a8, org.springframework.test.context.jdbc.SqlScriptsTestExecutionListener@1fa1d9b]
2022-08-02 14:25:45,581 INFO [org.springframework.beans.factory.xml.XmlBeanDefinitionReader] - Loading XML bean definitions from class path resource [spring-context.xml]
2022-08-02 14:25:45,698 INFO [org.springframework.beans.factory.xml.XmlBeanDefinitionReader] - Loading XML bean definitions from class path resource [spring-context-druid.xml]
2022-08-02 14:25:45,711 INFO [org.springframework.beans.factory.xml.XmlBeanDefinitionReader] - Loading XML bean definitions from class path resource [spring-context-mybatis.xml]
2022-08-02 14:25:45,721 INFO [org.springframework.context.support.GenericApplicationContext] - Refreshing org.springframework.context.support.GenericApplicationContext@b0338: startup date [Tue Aug 02 14:25:45 CST 2022]; root of context hierarchy
2022-08-02 14:25:46,096 INFO [com.alibaba.druid.pool.DruidDataSource] - {dataSource-1} inited
2022-08-02 14:25:46,303 INFO [org.springframework.context.support.GenericApplicationContext] - Closing org.springframework.context.support.GenericApplicationContext@b0338: startup date [Tue Aug 02 14:25:45 CST 2022]; root of context hierarchy
2022-08-02 14:25:46,305 INFO [com.alibaba.druid.pool.DruidDataSource] - {dataSource-1} closed
2022-08-02 14:27:31,333 INFO [org.springframework.test.context.support.DefaultTestContextBootstrapper] - Loaded default TestExecutionListener class names from location [META-INF/spring.factories]: [org.springframework.test.context.web.ServletTestExecutionListener, org.springframework.test.context.support.DirtiesContextBeforeModesTestExecutionListener, org.springframework.test.context.support.DependencyInjectionTestExecutionListener, org.springframework.test.context.support.DirtiesContextTestExecutionListener, org.springframework.test.context.transaction.TransactionalTestExecutionListener, org.springframework.test.context.jdbc.SqlScriptsTestExecutionListener]
2022-08-02 14:27:31,342 INFO [org.springframework.test.context.support.DefaultTestContextBootstrapper] - Using TestExecutionListeners: [org.springframework.test.context.web.ServletTestExecutionListener@70fda8, org.springframework.test.context.support.DirtiesContextBeforeModesTestExecutionListener@4edc67, org.springframework.test.context.support.DependencyInjectionTestExecutionListener@acaea5, org.springframework.test.context.support.DirtiesContextTestExecutionListener@d56d67, org.springframework.test.context.transaction.TransactionalTestExecutionListener@18355a8, org.springframework.test.context.jdbc.SqlScriptsTestExecutionListener@1fa1d9b]
2022-08-02 14:27:31,389 INFO [org.springframework.beans.factory.xml.XmlBeanDefinitionReader] - Loading XML bean definitions from class path resource [spring-context.xml]
2022-08-02 14:27:31,505 INFO [org.springframework.beans.factory.xml.XmlBeanDefinitionReader] - Loading XML bean definitions from class path resource [spring-context-druid.xml]
2022-08-02 14:27:31,518 INFO [org.springframework.beans.factory.xml.XmlBeanDefinitionReader] - Loading XML bean definitions from class path resource [spring-context-mybatis.xml]
2022-08-02 14:27:31,528 INFO [org.springframework.context.support.GenericApplicationContext] - Refreshing org.springframework.context.support.GenericApplicationContext@b0338: startup date [Tue Aug 02 14:27:31 CST 2022]; root of context hierarchy
2022-08-02 14:27:31,905 INFO [com.alibaba.druid.pool.DruidDataSource] - {dataSource-1} inited
2022-08-02 14:27:32,112 INFO [org.springframework.context.support.GenericApplicationContext] - Closing org.springframework.context.support.GenericApplicationContext@b0338: startup date [Tue Aug 02 14:27:31 CST 2022]; root of context hierarchy
2022-08-02 14:27:32,114 INFO [com.alibaba.druid.pool.DruidDataSource] - {dataSource-1} closed
2022-08-02 14:35:49,529 INFO [org.springframework.test.context.support.DefaultTestContextBootstrapper] - Loaded default TestExecutionListener class names from location [META-INF/spring.factories]: [org.springframework.test.context.web.ServletTestExecutionListener, org.springframework.test.context.support.DirtiesContextBeforeModesTestExecutionListener, org.springframework.test.context.support.DependencyInjectionTestExecutionListener, org.springframework.test.context.support.DirtiesContextTestExecutionListener, org.springframework.test.context.transaction.TransactionalTestExecutionListener, org.springframework.test.context.jdbc.SqlScriptsTestExecutionListener]
2022-08-02 14:35:49,538 INFO [org.springframework.test.context.support.DefaultTestContextBootstrapper] - Using TestExecutionListeners: [org.springframework.test.context.web.ServletTestExecutionListener@70fda8, org.springframework.test.context.support.DirtiesContextBeforeModesTestExecutionListener@4edc67, org.springframework.test.context.support.DependencyInjectionTestExecutionListener@acaea5, org.springframework.test.context.support.DirtiesContextTestExecutionListener@d56d67, org.springframework.test.context.transaction.TransactionalTestExecutionListener@18355a8, org.springframework.test.context.jdbc.SqlScriptsTestExecutionListener@1fa1d9b]
2022-08-02 14:35:49,586 INFO [org.springframework.beans.factory.xml.XmlBeanDefinitionReader] - Loading XML bean definitions from class path resource [spring-context.xml]
2022-08-02 14:35:49,700 INFO [org.springframework.beans.factory.xml.XmlBeanDefinitionReader] - Loading XML bean definitions from class path resource [spring-context-druid.xml]
2022-08-02 14:35:49,713 INFO [org.springframework.beans.factory.xml.XmlBeanDefinitionReader] - Loading XML bean definitions from class path resource [spring-context-mybatis.xml]
2022-08-02 14:35:49,723 INFO [org.springframework.context.support.GenericApplicationContext] - Refreshing org.springframework.context.support.GenericApplicationContext@b0338: startup date [Tue Aug 02 14:35:49 CST 2022]; root of context hierarchy
2022-08-02 14:35:50,097 INFO [com.alibaba.druid.pool.DruidDataSource] - {dataSource-1} inited
2022-08-02 14:35:50,298 INFO [org.springframework.context.support.GenericApplicationContext] - Closing org.springframework.context.support.GenericApplicationContext@b0338: startup date [Tue Aug 02 14:35:49 CST 2022]; root of context hierarchy
2022-08-02 14:35:50,300 INFO [com.alibaba.druid.pool.DruidDataSource] - {dataSource-1} closed
2022-08-02 15:35:07,152 INFO [org.springframework.test.context.support.DefaultTestContextBootstrapper] - Loaded default TestExecutionListener class names from location [META-INF/spring.factories]: [org.springframework.test.context.web.ServletTestExecutionListener, org.springframework.test.context.support.DirtiesContextBeforeModesTestExecutionListener, org.springframework.test.context.support.DependencyInjectionTestExecutionListener, org.springframework.test.context.support.DirtiesContextTestExecutionListener, org.springframework.test.context.transaction.TransactionalTestExecutionListener, org.springframework.test.context.jdbc.SqlScriptsTestExecutionListener]
2022-08-02 15:35:07,162 INFO [org.springframework.test.context.support.DefaultTestContextBootstrapper] - Using TestExecutionListeners: [org.springframework.test.context.web.ServletTestExecutionListener@70fda8, org.springframework.test.context.support.DirtiesContextBeforeModesTestExecutionListener@4edc67, org.springframework.test.context.support.DependencyInjectionTestExecutionListener@acaea5, org.springframework.test.context.support.DirtiesContextTestExecutionListener@d56d67, org.springframework.test.context.transaction.TransactionalTestExecutionListener@18355a8, org.springframework.test.context.jdbc.SqlScriptsTestExecutionListener@1fa1d9b]
2022-08-02 15:35:07,210 INFO [org.springframework.beans.factory.xml.XmlBeanDefinitionReader] - Loading XML bean definitions from class path resource [spring-context.xml]
2022-08-02 15:35:07,327 INFO [org.springframework.beans.factory.xml.XmlBeanDefinitionReader] - Loading XML bean definitions from class path resource [spring-context-druid.xml]
2022-08-02 15:35:07,340 INFO [org.springframework.beans.factory.xml.XmlBeanDefinitionReader] - Loading XML bean definitions from class path resource [spring-context-mybatis.xml]
2022-08-02 15:35:07,350 INFO [org.springframework.context.support.GenericApplicationContext] - Refreshing org.springframework.context.support.GenericApplicationContext@b0338: startup date [Tue Aug 02 15:35:07 CST 2022]; root of context hierarchy
2022-08-02 15:35:07,721 INFO [com.alibaba.druid.pool.DruidDataSource] - {dataSource-1} inited
2022-08-02 15:35:07,875 INFO [org.springframework.context.support.GenericApplicationContext] - Closing org.springframework.context.support.GenericApplicationContext@b0338: startup date [Tue Aug 02 15:35:07 CST 2022]; root of context hierarchy
2022-08-02 15:35:07,877 INFO [com.alibaba.druid.pool.DruidDataSource] - {dataSource-1} closed
2022-08-02 16:12:02,949 INFO [org.springframework.test.context.support.DefaultTestContextBootstrapper] - Loaded default TestExecutionListener class names from location [META-INF/spring.factories]: [org.springframework.test.context.web.ServletTestExecutionListener, org.springframework.test.context.support.DirtiesContextBeforeModesTestExecutionListener, org.springframework.test.context.support.DependencyInjectionTestExecutionListener, org.springframework.test.context.support.DirtiesContextTestExecutionListener, org.springframework.test.context.transaction.TransactionalTestExecutionListener, org.springframework.test.context.jdbc.SqlScriptsTestExecutionListener]
2022-08-02 16:12:02,959 INFO [org.springframework.test.context.support.DefaultTestContextBootstrapper] - Using TestExecutionListeners: [org.springframework.test.context.web.ServletTestExecutionListener@70fda8, org.springframework.test.context.support.DirtiesContextBeforeModesTestExecutionListener@4edc67, org.springframework.test.context.support.DependencyInjectionTestExecutionListener@acaea5, org.springframework.test.context.support.DirtiesContextTestExecutionListener@d56d67, org.springframework.test.context.transaction.TransactionalTestExecutionListener@18355a8, org.springframework.test.context.jdbc.SqlScriptsTestExecutionListener@1fa1d9b]
2022-08-02 16:12:03,009 INFO [org.springframework.beans.factory.xml.XmlBeanDefinitionReader] - Loading XML bean definitions from class path resource [spring-context.xml]
2022-08-02 16:12:03,126 INFO [org.springframework.beans.factory.xml.XmlBeanDefinitionReader] - Loading XML bean definitions from class path resource [spring-context-druid.xml]
2022-08-02 16:12:03,139 INFO [org.springframework.beans.factory.xml.XmlBeanDefinitionReader] - Loading XML bean definitions from class path resource [spring-context-mybatis.xml]
2022-08-02 16:12:03,148 INFO [org.springframework.context.support.GenericApplicationContext] - Refreshing org.springframework.context.support.GenericApplicationContext@b0338: startup date [Tue Aug 02 16:12:03 CST 2022]; root of context hierarchy
2022-08-02 16:12:03,512 INFO [com.alibaba.druid.pool.DruidDataSource] - {dataSource-1} inited
2022-08-02 16:12:03,665 INFO [org.springframework.context.support.GenericApplicationContext] - Closing org.springframework.context.support.GenericApplicationContext@b0338: startup date [Tue Aug 02 16:12:03 CST 2022]; root of context hierarchy
2022-08-02 16:12:03,668 INFO [com.alibaba.druid.pool.DruidDataSource] - {dataSource-1} closed
